TN:
SF:src/index.js
FN:28,(anonymous_0)
FN:42,(anonymous_1)
FN:47,(anonymous_2)
FN:51,(anonymous_3)
FN:100,(anonymous_4)
FN:108,(anonymous_5)
FN:116,shutdown
FNF:7
FNH:4
FNDA:1,(anonymous_0)
FNDA:1,(anonymous_1)
FNDA:0,(anonymous_2)
FNDA:1,(anonymous_3)
FNDA:0,(anonymous_4)
FNDA:1,(anonymous_5)
FNDA:0,shutdown
DA:1,1
DA:2,1
DA:3,1
DA:4,1
DA:5,1
DA:6,1
DA:7,1
DA:8,1
DA:9,1
DA:10,1
DA:11,1
DA:12,1
DA:13,1
DA:16,1
DA:17,1
DA:20,1
DA:28,1
DA:29,1
DA:30,1
DA:32,0
DA:37,1
DA:42,1
DA:43,1
DA:47,1
DA:48,0
DA:51,1
DA:52,1
DA:55,1
DA:58,1
DA:61,1
DA:62,1
DA:63,1
DA:67,1
DA:68,1
DA:69,1
DA:72,1
DA:85,1
DA:94,1
DA:97,1
DA:100,1
DA:101,0
DA:105,1
DA:108,1
DA:109,1
DA:113,1
DA:114,1
DA:117,0
DA:120,0
DA:121,0
DA:124,0
DA:125,0
DA:126,0
DA:129,0
DA:130,0
DA:133,1
LF:55
LH:44
BRDA:17,0,0,1
BRDA:17,0,1,1
BRDA:29,1,0,1
BRDA:29,1,1,0
BRDA:44,2,0,1
BRDA:44,2,1,0
BRDA:74,3,0,1
BRDA:74,3,1,0
BRDA:124,4,0,0
BRDA:124,4,1,0
BRF:10
BRH:5
end_of_record
TN:
SF:src/config/index.js
FN:92,(anonymous_0)
FNF:1
FNH:0
FNDA:0,(anonymous_0)
DA:7,1
DA:77,1
DA:79,0
DA:82,1
DA:84,1
DA:90,1
DA:91,1
DA:92,0
DA:93,0
DA:94,0
DA:99,1
LF:11
LH:7
BRDA:9,0,0,1
BRDA:9,0,1,0
BRDA:13,1,0,1
BRDA:13,1,1,1
BRDA:14,2,0,1
BRDA:14,2,1,1
BRDA:19,3,0,1
BRDA:19,3,1,0
BRDA:20,4,0,1
BRDA:20,4,1,1
BRDA:26,5,0,1
BRDA:26,5,1,0
BRDA:27,6,0,1
BRDA:27,6,1,1
BRDA:32,7,0,1
BRDA:32,7,1,0
BRDA:33,8,0,1
BRDA:33,8,1,1
BRDA:38,9,0,1
BRDA:38,9,1,1
BRDA:39,10,0,1
BRDA:39,10,1,1
BRDA:40,11,0,1
BRDA:40,11,1,1
BRDA:44,12,0,0
BRDA:44,12,1,1
BRDA:50,13,0,1
BRDA:50,13,1,1
BRDA:56,14,0,1
BRDA:56,14,1,1
BRDA:57,15,0,1
BRDA:57,15,1,1
BRDA:62,16,0,1
BRDA:62,16,1,0
BRDA:71,17,0,1
BRDA:71,17,1,1
BRDA:72,18,0,1
BRDA:72,18,1,1
BRDA:77,19,0,0
BRDA:77,19,1,1
BRDA:82,20,0,1
BRDA:82,20,1,0
BRDA:91,21,0,0
BRDA:91,21,1,1
BRDA:93,22,0,0
BRDA:93,22,1,0
BRF:46
BRH:35
end_of_record
TN:
SF:src/middleware/auth.js
FN:10,(anonymous_0)
FN:98,(anonymous_1)
FN:99,(anonymous_2)
FN:117,(anonymous_3)
FN:128,(anonymous_4)
FNF:5
FNH:1
FNDA:0,(anonymous_0)
FNDA:1,(anonymous_1)
FNDA:0,(anonymous_2)
FNDA:0,(anonymous_3)
FNDA:0,(anonymous_4)
DA:1,1
DA:2,1
DA:3,1
DA:10,1
DA:11,0
DA:13,0
DA:16,0
DA:17,0
DA:18,0
DA:20,0
DA:24,0
DA:25,0
DA:26,0
DA:31,0
DA:32,0
DA:33,0
DA:34,0
DA:37,0
DA:43,0
DA:44,0
DA:49,0
DA:52,0
DA:53,0
DA:58,0
DA:60,0
DA:61,0
DA:64,0
DA:65,0
DA:69,0
DA:74,0
DA:75,0
DA:79,0
DA:80,0
DA:81,0
DA:82,0
DA:84,0
DA:85,0
DA:87,0
DA:88,0
DA:90,0
DA:98,1
DA:99,1
DA:100,0
DA:101,0
DA:104,0
DA:105,0
DA:110,0
DA:117,1
DA:118,0
DA:128,1
DA:129,0
DA:130,0
DA:132,0
DA:139,0
LF:54
LH:8
BRDA:16,0,0,0
BRDA:16,0,1,0
BRDA:16,1,0,0
BRDA:16,1,1,0
BRDA:18,2,0,0
BRDA:18,2,1,0
BRDA:18,3,0,0
BRDA:18,3,1,0
BRDA:24,4,0,0
BRDA:24,4,1,0
BRDA:31,5,0,0
BRDA:31,5,1,0
BRDA:60,6,0,0
BRDA:60,6,1,0
BRDA:64,7,0,0
BRDA:64,7,1,0
BRDA:74,8,0,0
BRDA:74,8,1,0
BRDA:84,9,0,0
BRDA:84,9,1,0
BRDA:87,10,0,0
BRDA:87,10,1,0
BRDA:100,11,0,0
BRDA:100,11,1,0
BRDA:104,12,0,0
BRDA:104,12,1,0
BRDA:121,13,0,0
BRDA:121,13,1,0
BRF:28
BRH:0
end_of_record
TN:
SF:src/middleware/errorHandler.js
FN:8,(anonymous_0)
FN:23,(anonymous_1)
FNF:2
FNH:0
FNDA:0,(anonymous_0)
FNDA:0,(anonymous_1)
DA:1,1
DA:2,1
DA:8,1
DA:9,0
DA:10,0
DA:13,0
DA:22,0
DA:23,0
DA:24,0
DA:28,0
DA:29,0
DA:33,0
DA:34,0
DA:37,0
DA:38,0
DA:42,0
DA:43,0
DA:47,0
DA:54,1
LF:19
LH:4
BRDA:18,0,0,0
BRDA:18,0,1,0
BRDA:22,1,0,0
BRDA:22,1,1,0
BRDA:28,2,0,0
BRDA:28,2,1,0
BRDA:33,3,0,0
BRDA:33,3,1,0
BRDA:37,4,0,0
BRDA:37,4,1,0
BRDA:42,5,0,0
BRDA:42,5,1,0
BRDA:47,6,0,0
BRDA:47,6,1,0
BRDA:47,6,2,0
BRDA:49,7,0,0
BRDA:49,7,1,0
BRDA:49,7,2,0
BRDA:50,8,0,0
BRDA:50,8,1,0
BRF:20
BRH:0
end_of_record
TN:
SF:src/routes/auth.routes.js
FN:30,(anonymous_0)
FN:135,(anonymous_1)
FN:221,(anonymous_2)
FNF:3
FNH:0
FNDA:0,(anonymous_0)
FNDA:0,(anonymous_1)
FNDA:0,(anonymous_2)
DA:1,1
DA:2,1
DA:3,1
DA:4,1
DA:5,1
DA:6,1
DA:8,1
DA:15,1
DA:31,0
DA:33,0
DA:34,0
DA:35,0
DA:38,0
DA:39,0
DA:42,0
DA:47,0
DA:48,0
DA:52,0
DA:53,0
DA:56,0
DA:63,0
DA:66,0
DA:82,0
DA:85,0
DA:94,0
DA:95,0
DA:104,0
DA:118,0
DA:119,0
DA:129,1
DA:136,0
DA:138,0
DA:139,0
DA:140,0
DA:143,0
DA:144,0
DA:147,0
DA:153,0
DA:154,0
DA:157,0
DA:160,0
DA:161,0
DA:165,0
DA:170,0
DA:171,0
DA:175,0
DA:178,0
DA:187,0
DA:188,0
DA:197,0
DA:210,0
DA:211,0
DA:221,1
DA:222,0
DA:224,0
DA:227,0
DA:228,0
DA:229,0
DA:230,0
DA:233,0
DA:234,0
DA:237,0
DA:244,0
DA:246,0
DA:251,0
DA:252,0
DA:256,1
LF:67
LH:11
BRDA:34,0,0,0
BRDA:34,0,1,0
BRDA:47,1,0,0
BRDA:47,1,1,0
BRDA:94,2,0,0
BRDA:94,2,1,0
BRDA:139,3,0,0
BRDA:139,3,1,0
BRDA:153,4,0,0
BRDA:153,4,1,0
BRDA:160,5,0,0
BRDA:160,5,1,0
BRDA:170,6,0,0
BRDA:170,6,1,0
BRDA:187,7,0,0
BRDA:187,7,1,0
BRDA:227,8,0,0
BRDA:227,8,1,0
BRDA:227,9,0,0
BRDA:227,9,1,0
BRDA:229,10,0,0
BRDA:229,10,1,0
BRDA:229,11,0,0
BRDA:229,11,1,0
BRDA:233,12,0,0
BRDA:233,12,1,0
BRF:26
BRH:0
end_of_record
TN:
SF:src/routes/index.js
FN:12,(anonymous_0)
FN:30,(anonymous_1)
FNF:2
FNH:0
FNDA:0,(anonymous_0)
FNDA:0,(anonymous_1)
DA:1,1
DA:2,1
DA:3,1
DA:4,1
DA:5,1
DA:6,1
DA:7,1
DA:9,1
DA:12,1
DA:13,0
DA:21,1
DA:22,1
DA:25,1
DA:26,1
DA:27,1
DA:30,1
DA:31,0
DA:37,1
LF:18
LH:16
BRF:0
BRH:0
end_of_record
TN:
SF:src/routes/market.routes.js
FN:12,(anonymous_0)
FN:37,(anonymous_1)
FN:64,(anonymous_2)
FNF:3
FNH:0
FNDA:0,(anonymous_0)
FNDA:0,(anonymous_1)
FNDA:0,(anonymous_2)
DA:1,1
DA:2,1
DA:3,1
DA:5,1
DA:12,1
DA:13,0
DA:14,0
DA:16,0
DA:20,0
DA:27,0
DA:28,0
DA:37,1
DA:38,0
DA:39,0
DA:41,0
DA:47,0
DA:54,0
DA:55,0
DA:64,1
DA:65,0
DA:66,0
DA:67,0
DA:69,0
DA:76,0
DA:77,0
DA:80,0
DA:87,0
DA:88,0
DA:92,1
LF:29
LH:8
BRDA:76,0,0,0
BRDA:76,0,1,0
BRF:2
BRH:0
end_of_record
TN:
SF:src/routes/trading.routes.js
FN:24,(anonymous_0)
FN:63,(anonymous_1)
FN:103,(anonymous_2)
FN:140,(anonymous_3)
FN:171,getDummyRate
FNF:5
FNH:0
FNDA:0,(anonymous_0)
FNDA:0,(anonymous_1)
FNDA:0,(anonymous_2)
FNDA:0,(anonymous_3)
FNDA:0,getDummyRate
DA:1,1
DA:2,1
DA:3,1
DA:4,1
DA:6,1
DA:18,1
DA:25,0
DA:26,0
DA:27,0
DA:28,0
DA:31,0
DA:32,0
DA:35,0
DA:41,0
DA:45,0
DA:52,0
DA:53,0
DA:63,1
DA:64,0
DA:65,0
DA:66,0
DA:69,0
DA:70,0
DA:71,0
DA:73,0
DA:81,0
DA:93,0
DA:94,0
DA:103,1
DA:104,0
DA:105,0
DA:106,0
DA:107,0
DA:109,0
DA:114,0
DA:115,0
DA:118,0
DA:123,0
DA:124,0
DA:133,1
DA:141,0
DA:142,0
DA:143,0
DA:144,0
DA:149,0
DA:164,0
DA:165,0
DA:172,0
DA:183,0
DA:184,0
DA:187,1
LF:51
LH:10
BRDA:27,0,0,0
BRDA:27,0,1,0
BRDA:41,1,0,0
BRDA:41,1,1,0
BRDA:69,2,0,0
BRDA:69,2,1,0
BRDA:70,3,0,0
BRDA:70,3,1,0
BRDA:114,4,0,0
BRDA:114,4,1,0
BRDA:143,5,0,0
BRDA:143,5,1,0
BRDA:184,6,0,0
BRDA:184,6,1,0
BRF:14
BRH:0
end_of_record
TN:
SF:src/routes/user.routes.js
FN:14,(anonymous_0)
FN:61,(anonymous_1)
FN:169,(anonymous_2)
FN:230,(anonymous_3)
FN:267,(anonymous_4)
FN:292,(anonymous_5)
FNF:6
FNH:0
FNDA:0,(anonymous_0)
FNDA:0,(anonymous_1)
FNDA:0,(anonymous_2)
FNDA:0,(anonymous_3)
FNDA:0,(anonymous_4)
FNDA:0,(anonymous_5)
DA:1,1
DA:2,1
DA:3,1
DA:4,1
DA:5,1
DA:7,1
DA:14,1
DA:15,0
DA:16,0
DA:17,0
DA:19,0
DA:25,0
DA:26,0
DA:29,0
DA:31,0
DA:44,0
DA:45,0
DA:54,1
DA:62,0
DA:64,0
DA:65,0
DA:66,0
DA:69,0
DA:70,0
DA:71,0
DA:74,0
DA:75,0
DA:76,0
DA:78,0
DA:79,0
DA:80,0
DA:83,0
DA:84,0
DA:85,0
DA:88,0
DA:90,0
DA:95,0
DA:96,0
DA:99,0
DA:100,0
DA:104,0
DA:107,0
DA:108,0
DA:115,0
DA:118,0
DA:126,0
DA:127,0
DA:130,0
DA:132,0
DA:146,0
DA:147,0
DA:157,1
DA:170,0
DA:172,0
DA:173,0
DA:174,0
DA:177,0
DA:178,0
DA:179,0
DA:182,0
DA:187,0
DA:188,0
DA:191,0
DA:194,0
DA:195,0
DA:200,0
DA:201,0
DA:205,0
DA:206,0
DA:209,0
DA:214,0
DA:219,0
DA:220,0
DA:230,1
DA:231,0
DA:232,0
DA:233,0
DA:236,0
DA:241,0
DA:242,0
DA:246,0
DA:248,0
DA:253,0
DA:254,0
DA:267,1
DA:268,0
DA:269,0
DA:272,0
DA:273,0
DA:274,0
DA:277,0
DA:286,0
DA:287,0
DA:289,0
DA:292,0
DA:311,0
DA:312,0
DA:316,1
LF:98
LH:12
BRDA:25,0,0,0
BRDA:25,0,1,0
BRDA:65,1,0,0
BRDA:65,1,1,0
BRDA:78,2,0,0
BRDA:78,2,1,0
BRDA:83,3,0,0
BRDA:83,3,1,0
BRDA:88,4,0,0
BRDA:88,4,1,0
BRDA:95,5,0,0
BRDA:95,5,1,0
BRDA:107,6,0,0
BRDA:107,6,1,0
BRDA:126,7,0,0
BRDA:126,7,1,0
BRDA:173,8,0,0
BRDA:173,8,1,0
BRDA:187,9,0,0
BRDA:187,9,1,0
BRDA:200,10,0,0
BRDA:200,10,1,0
BRDA:241,11,0,0
BRDA:241,11,1,0
BRDA:272,12,0,0
BRDA:272,12,1,0
BRDA:273,13,0,0
BRDA:273,13,1,0
BRF:28
BRH:0
end_of_record
TN:
SF:src/routes/wallet.routes.js
FN:12,getWalletService
FN:22,(anonymous_1)
FN:46,(anonymous_2)
FN:90,(anonymous_3)
FN:131,(anonymous_4)
FNF:5
FNH:0
FNDA:0,getWalletService
FNDA:0,(anonymous_1)
FNDA:0,(anonymous_2)
FNDA:0,(anonymous_3)
FNDA:0,(anonymous_4)
DA:1,1
DA:2,1
DA:3,1
DA:4,1
DA:5,1
DA:7,1
DA:13,0
DA:14,0
DA:22,1
DA:23,0
DA:24,0
DA:25,0
DA:27,0
DA:29,0
DA:36,0
DA:37,0
DA:46,1
DA:47,0
DA:48,0
DA:49,0
DA:50,0
DA:52,0
DA:53,0
DA:55,0
DA:63,0
DA:64,0
DA:66,0
DA:69,0
DA:70,0
DA:79,1
DA:91,0
DA:93,0
DA:94,0
DA:95,0
DA:98,0
DA:99,0
DA:100,0
DA:102,0
DA:103,0
DA:105,0
DA:114,0
DA:115,0
DA:117,0
DA:120,0
DA:121,0
DA:131,1
DA:132,0
DA:133,0
DA:134,0
DA:136,0
DA:138,0
DA:145,0
DA:146,0
DA:150,1
LF:54
LH:11
BRDA:63,0,0,0
BRDA:63,0,1,0
BRDA:94,1,0,0
BRDA:94,1,1,0
BRDA:114,2,0,0
BRDA:114,2,1,0
BRF:6
BRH:0
end_of_record
TN:
SF:src/services/trading.service.js
FN:7,(anonymous_0)
FN:18,(anonymous_1)
FN:69,(anonymous_2)
FN:176,(anonymous_3)
FN:205,(anonymous_4)
FN:229,(anonymous_5)
FNF:6
FNH:0
FNDA:0,(anonymous_0)
FNDA:0,(anonymous_1)
FNDA:0,(anonymous_2)
FNDA:0,(anonymous_3)
FNDA:0,(anonymous_4)
FNDA:0,(anonymous_5)
DA:1,0
DA:2,0
DA:3,0
DA:4,0
DA:8,0
DA:9,0
DA:10,0
DA:11,0
DA:12,0
DA:19,0
DA:21,0
DA:22,0
DA:24,0
DA:25,0
DA:29,0
DA:35,0
DA:36,0
DA:40,0
DA:41,0
DA:45,0
DA:48,0
DA:57,0
DA:59,0
DA:61,0
DA:62,0
DA:71,0
DA:73,0
DA:74,0
DA:77,0
DA:78,0
DA:82,0
DA:87,0
DA:88,0
DA:92,0
DA:95,0
DA:96,0
DA:97,0
DA:100,0
DA:106,0
DA:111,0
DA:113,0
DA:119,0
DA:126,0
DA:145,0
DA:147,0
DA:159,0
DA:160,0
DA:162,0
DA:163,0
DA:166,0
DA:168,0
DA:177,0
DA:179,0
DA:188,0
DA:189,0
DA:191,0
DA:192,0
DA:195,0
DA:197,0
DA:198,0
DA:208,0
DA:223,0
DA:230,0
DA:231,0
DA:239,0
DA:241,0
DA:242,0
LF:67
LH:0
BRDA:11,0,0,0
BRDA:11,0,1,0
BRDA:24,1,0,0
BRDA:24,1,1,0
BRDA:36,2,0,0
BRDA:36,2,1,0
BRDA:36,3,0,0
BRDA:36,3,1,0
BRDA:77,4,0,0
BRDA:77,4,1,0
BRDA:87,5,0,0
BRDA:87,5,1,0
BRDA:87,6,0,0
BRDA:87,6,1,0
BRDA:111,7,0,0
BRDA:111,7,1,0
BRDA:162,8,0,0
BRDA:162,8,1,0
BRDA:191,9,0,0
BRDA:191,9,1,0
BRDA:191,10,0,0
BRDA:191,10,1,0
BRDA:223,11,0,0
BRDA:223,11,1,0
BRDA:229,12,0,0
BRDA:229,13,0,0
BRF:26
BRH:0
end_of_record
TN:
SF:src/services/wallet.service.js
FN:6,(anonymous_0)
FN:13,(anonymous_1)
FN:34,(anonymous_2)
FN:61,(anonymous_3)
FN:124,(anonymous_4)
FN:149,(anonymous_5)
FNF:6
FNH:0
FNDA:0,(anonymous_0)
FNDA:0,(anonymous_1)
FNDA:0,(anonymous_2)
FNDA:0,(anonymous_3)
FNDA:0,(anonymous_4)
FNDA:0,(anonymous_5)
DA:1,1
DA:2,1
DA:3,1
DA:7,0
DA:14,0
DA:15,0
DA:24,0
DA:26,0
DA:27,0
DA:35,0
DA:36,0
DA:44,0
DA:45,0
DA:48,0
DA:50,0
DA:51,0
DA:53,0
DA:54,0
DA:62,0
DA:64,0
DA:65,0
DA:68,0
DA:73,0
DA:74,0
DA:78,0
DA:83,0
DA:84,0
DA:88,0
DA:89,0
DA:95,0
DA:101,0
DA:104,0
DA:105,0
DA:108,0
DA:110,0
DA:111,0
DA:114,0
DA:115,0
DA:117,0
DA:125,0
DA:126,0
DA:131,0
DA:132,0
DA:135,0
DA:137,0
DA:138,0
DA:141,0
DA:142,0
DA:150,0
DA:151,0
DA:152,0
DA:156,0
DA:157,0
DA:159,0
DA:168,0
DA:179,0
DA:180,0
DA:184,0
DA:186,0
DA:187,0
DA:192,1
LF:61
LH:4
BRDA:44,0,0,0
BRDA:44,0,1,0
BRDA:50,1,0,0
BRDA:50,1,1,0
BRDA:73,2,0,0
BRDA:73,2,1,0
BRDA:83,3,0,0
BRDA:83,3,1,0
BRDA:110,4,0,0
BRDA:110,4,1,0
BRDA:131,5,0,0
BRDA:131,5,1,0
BRDA:137,6,0,0
BRDA:137,6,1,0
BRDA:157,7,0,0
BRDA:157,7,1,0
BRDA:157,8,0,0
BRDA:157,8,1,0
BRDA:157,8,2,0
BRDA:179,9,0,0
BRDA:179,9,1,0
BRF:21
BRH:0
end_of_record
TN:
SF:src/utils/ApiError.js
FN:13,(anonymous_0)
FNF:1
FNH:1
FNDA:4,(anonymous_0)
DA:14,4
DA:15,4
DA:16,4
DA:17,4
DA:19,4
DA:20,1
DA:22,3
DA:27,2
LF:8
LH:8
BRDA:13,0,0,1
BRDA:13,1,0,2
BRDA:13,2,0,3
BRDA:19,3,0,1
BRDA:19,3,1,3
BRF:5
BRH:5
end_of_record
TN:
SF:src/utils/logger.js
FN:4,(anonymous_0)
FN:37,(anonymous_1)
FNF:2
FNH:0
FNDA:0,(anonymous_0)
FNDA:0,(anonymous_1)
DA:1,0
DA:4,0
DA:5,0
DA:9,0
DA:31,0
DA:32,0
DA:36,0
DA:38,0
DA:42,0
LF:9
LH:0
BRDA:5,0,0,0
BRDA:5,0,1,0
BRDA:10,1,0,0
BRDA:10,1,1,0
BRDA:31,2,0,0
BRDA:31,2,1,0
BRF:6
BRH:0
end_of_record
